<?xml version="1.0" encoding="UTF-8"?>
<!-- Generated by org.testng.reporters.JUnitXMLReporter -->
<testsuite ignored="0" hostname="DESKTOP-E3FNQHB" failures="0" tests="5" name="Test1" time="18.592" errors="0" timestamp="2022-07-02T15:14:49 IST">
  <testcase classname="parametter.testclass" name="launch" time="5.022"/>
  <testcase classname="parametter.testclass" name="enterlogindetails" time="5.71"/>
  <testcase classname="parametter.testclass" name="myinformation" time="1.917"/>
  <testcase classname="parametter.testclass" name="employeedetails" time="0.065"/>
  <testcase classname="parametter.testclass" name="showiname" time="0.027"/>
</testsuite> <!-- Test1 -->
