<?xml version="1.0" encoding="UTF-8"?>
<testng-results ignored="0" total="1" passed="1" failed="0" skipped="0">
  <reporter-output>
  </reporter-output>
  <suite started-at="2022-10-02T12:39:06 IST" name="Default suite" finished-at="2022-10-02T12:39:07 IST" duration-ms="761">
    <groups>
    </groups>
    <test started-at="2022-10-02T12:39:06 IST" name="Default test" finished-at="2022-10-02T12:39:07 IST" duration-ms="761">
      <class name="Excel.Writeonexcel">
        <test-method signature="test()[pri:0, instance:Excel.Writeonexcel@4efbca5a]" started-at="2022-10-02T12:39:06 IST" name="test" finished-at="2022-10-02T12:39:07 IST" duration-ms="706" status="PASS">
          <reporter-output>
          </reporter-output>
        </test-method> <!-- test -->
      </class> <!-- Excel.Writeonexcel -->
    </test> <!-- Default test -->
  </suite> <!-- Default suite -->
</testng-results>
